<?xml version="1.0" encoding="UTF-8"?>
<testng-results skipped="0" failed="0" ignored="0" total="1" passed="1">
  <reporter-output>
  </reporter-output>
  <suite name="Suite" duration-ms="14703" started-at="2018-03-24T11:07:59Z" finished-at="2018-03-24T11:08:14Z">
    <groups>
    </groups>
    <test name="Test" duration-ms="14703" started-at="2018-03-24T11:07:59Z" finished-at="2018-03-24T11:08:14Z">
      <class name="com.cicdproject.Appointment">
        <test-method status="PASS" signature="test()[pri:0, instance:com.cicdproject.Appointment@46daef40]" name="test" duration-ms="14630" started-at="2018-03-24T11:07:59Z" finished-at="2018-03-24T11:08:14Z">
          <reporter-output>
          </reporter-output>
        </test-method> <!-- test -->
      </class> <!-- com.cicdproject.Appointment -->
    </test> <!-- Test -->
  </suite> <!-- Suite -->
</testng-results>
